{"/mnt/d/WebDev/NoobChain/block.js":{"path":"/mnt/d/WebDev/NoobChain/block.js","s":{"1":1,"2":1,"3":2,"4":2,"5":2,"6":2,"7":2,"8":2,"9":2,"10":1,"11":1868,"12":1,"13":2,"14":1868,"15":1868,"16":2,"17":1866,"18":1,"19":1,"20":1,"21":1,"22":1,"23":1,"24":1,"25":1,"26":1,"27":1,"28":1,"29":1,"30":1,"31":10,"32":2,"33":1},"b":{"1":[2,1866]},"f":{"1":2,"2":1868,"3":2,"4":1,"5":1,"6":10},"fnMap":{"1":{"name":"block","line":3,"loc":{"start":{"line":3,"column":0},"end":{"line":3,"column":17}}},"2":{"name":"calculateHash","line":12,"loc":{"start":{"line":12,"column":2},"end":{"line":12,"column":27}}},"3":{"name":"mine","line":17,"loc":{"start":{"line":17,"column":2},"end":{"line":17,"column":18}}},"4":{"name":"create","line":25,"loc":{"start":{"line":25,"column":2},"end":{"line":25,"column":24}}},"5":{"name":"createGenesis","line":33,"loc":{"start":{"line":33,"column":2},"end":{"line":33,"column":31}}},"6":{"name":"view","line":41,"loc":{"start":{"line":41,"column":2},"end":{"line":41,"column":18}}}},"statementMap":{"1":{"start":{"line":1,"column":0},"end":{"line":1,"column":43}},"2":{"start":{"line":3,"column":0},"end":{"line":57,"column":1}},"3":{"start":{"line":4,"column":2},"end":{"line":4,"column":18}},"4":{"start":{"line":5,"column":2},"end":{"line":5,"column":26}},"5":{"start":{"line":6,"column":2},"end":{"line":6,"column":20}},"6":{"start":{"line":7,"column":2},"end":{"line":7,"column":23}},"7":{"start":{"line":8,"column":2},"end":{"line":8,"column":24}},"8":{"start":{"line":9,"column":2},"end":{"line":9,"column":16}},"9":{"start":{"line":10,"column":2},"end":{"line":10,"column":23}},"10":{"start":{"line":12,"column":2},"end":{"line":14,"column":3}},"11":{"start":{"line":13,"column":4},"end":{"line":13,"column":87}},"12":{"start":{"line":17,"column":2},"end":{"line":23,"column":3}},"13":{"start":{"line":18,"column":4},"end":{"line":22,"column":5}},"14":{"start":{"line":19,"column":6},"end":{"line":19,"column":29}},"15":{"start":{"line":20,"column":6},"end":{"line":20,"column":76}},"16":{"start":{"line":20,"column":67},"end":{"line":20,"column":74}},"17":{"start":{"line":21,"column":6},"end":{"line":21,"column":17}},"18":{"start":{"line":25,"column":2},"end":{"line":31,"column":3}},"19":{"start":{"line":26,"column":4},"end":{"line":26,"column":37}},"20":{"start":{"line":27,"column":4},"end":{"line":27,"column":25}},"21":{"start":{"line":28,"column":4},"end":{"line":28,"column":27}},"22":{"start":{"line":29,"column":4},"end":{"line":29,"column":75}},"23":{"start":{"line":30,"column":4},"end":{"line":30,"column":11}},"24":{"start":{"line":33,"column":2},"end":{"line":39,"column":3}},"25":{"start":{"line":34,"column":4},"end":{"line":34,"column":37}},"26":{"start":{"line":35,"column":4},"end":{"line":35,"column":15}},"27":{"start":{"line":36,"column":4},"end":{"line":36,"column":27}},"28":{"start":{"line":37,"column":4},"end":{"line":37,"column":75}},"29":{"start":{"line":38,"column":4},"end":{"line":38,"column":11}},"30":{"start":{"line":41,"column":2},"end":{"line":50,"column":3}},"31":{"start":{"line":42,"column":4},"end":{"line":49,"column":6}},"32":{"start":{"line":51,"column":2},"end":{"line":56,"column":5}},"33":{"start":{"line":60,"column":0},"end":{"line":60,"column":23}}},"branchMap":{"1":{"line":20,"type":"if","locations":[{"start":{"line":20,"column":6},"end":{"line":20,"column":6}},{"start":{"line":20,"column":6},"end":{"line":20,"column":6}}]}}}}