TN:
SF:/mnt/d/WebDev/NoobChain/block.js
FN:3,block
FN:12,calculateHash
FN:17,mine
FN:25,create
FN:33,createGenesis
FN:41,view
FNF:6
FNH:6
FNDA:2,block
FNDA:1868,calculateHash
FNDA:2,mine
FNDA:1,create
FNDA:1,createGenesis
FNDA:10,view
DA:1,1
DA:3,1
DA:4,2
DA:5,2
DA:6,2
DA:7,2
DA:8,2
DA:9,2
DA:10,2
DA:12,1
DA:13,1868
DA:17,1
DA:18,2
DA:19,1868
DA:20,1868
DA:21,1866
DA:25,1
DA:26,1
DA:27,1
DA:28,1
DA:29,1
DA:30,1
DA:33,1
DA:34,1
DA:35,1
DA:36,1
DA:37,1
DA:38,1
DA:41,1
DA:42,10
DA:51,2
DA:60,1
LF:32
LH:32
BRDA:20,1,0,2
BRDA:20,1,1,1866
BRF:2
BRH:2
end_of_record
